# Logfile created on 2014-01-17 10:11:29 -0800 by logger.rb/31641
I, [2014-01-17T10:11:29.273824 #17698]  INFO -- : 0:  rake (0.9.6) from /Users/mpiccolo/.rvm/gems/ruby-1.9.3-p392-perf/specifications/rake-0.9.6.gemspec
I, [2014-01-17T10:11:29.274270 #17698]  INFO -- : 0:  bundler (1.5.1) from /Users/mpiccolo/.rvm/gems/ruby-1.9.3-p392-perf/specifications/bundler-1.5.1.gemspec
I, [2014-01-17T10:11:30.414484 #17698]  INFO -- : 0:  kramdown (1.3.1) from /Users/mpiccolo/.rvm/gems/ruby-1.9.3-p392-perf/specifications/kramdown-1.3.1.gemspec
I, [2014-01-17T10:11:30.414987 #17698]  INFO -- : 0:  minitest (5.2.1) from /Users/mpiccolo/.rvm/gems/ruby-1.9.3-p392-perf/specifications/minitest-5.2.1.gemspec
I, [2014-01-17T10:11:30.419995 #17698]  INFO -- : 0:  ply (0.1) from /Users/mpiccolo/code/mfpiccolo/ply/ply.gemspec
I, [2014-01-17T10:11:30.420507 #17698]  INFO -- : 0:  rubygems-tasks (0.2.4) from /Users/mpiccolo/.rvm/gems/ruby-1.9.3-p392-perf/specifications/rubygems-tasks-0.2.4.gemspec
I, [2014-01-17T10:11:30.420881 #17698]  INFO -- : 0:  yard (0.8.7.3) from /Users/mpiccolo/.rvm/gems/ruby-1.9.3-p392-perf/specifications/yard-0.8.7.3.gemspec
I, [2014-01-17T11:01:44.998316 #20256]  INFO -- : 0:  rake (0.9.6) from /Users/mpiccolo/.rvm/gems/ruby-1.9.3-p392-perf/specifications/rake-0.9.6.gemspec
I, [2014-01-17T11:01:44.999245 #20256]  INFO -- : 0:  bundler (1.5.1) from /Users/mpiccolo/.rvm/gems/ruby-1.9.3-p392-perf/specifications/bundler-1.5.1.gemspec
I, [2014-01-17T11:01:44.999685 #20256]  INFO -- : 0:  kramdown (1.3.1) from /Users/mpiccolo/.rvm/gems/ruby-1.9.3-p392-perf/specifications/kramdown-1.3.1.gemspec
I, [2014-01-17T11:01:45.000067 #20256]  INFO -- : 0:  minitest (5.2.1) from /Users/mpiccolo/.rvm/gems/ruby-1.9.3-p392-perf/specifications/minitest-5.2.1.gemspec
I, [2014-01-17T11:01:45.024450 #20256]  INFO -- : 0:  ply (0.1) from /Users/mpiccolo/code/mfpiccolo/pliable/ply.gemspec
I, [2014-01-17T11:01:45.036806 #20256]  INFO -- : 0:  rubygems-tasks (0.2.4) from /Users/mpiccolo/.rvm/gems/ruby-1.9.3-p392-perf/specifications/rubygems-tasks-0.2.4.gemspec
I, [2014-01-17T11:01:45.037341 #20256]  INFO -- : 0:  yard (0.8.7.3) from /Users/mpiccolo/.rvm/gems/ruby-1.9.3-p392-perf/specifications/yard-0.8.7.3.gemspec
I, [2014-01-17T14:20:01.566861 #30407]  INFO -- : 0:  rake (0.9.6) from /Users/mpiccolo/.rvm/gems/ruby-1.9.3-p392-perf/specifications/rake-0.9.6.gemspec
I, [2014-01-17T14:20:01.570115 #30407]  INFO -- : 0:  i18n (0.6.1) from /Users/mpiccolo/.rvm/gems/ruby-1.9.3-p392-perf@global/specifications/i18n-0.6.1.gemspec
I, [2014-01-17T14:20:01.570788 #30407]  INFO -- : 0:  multi_json (1.8.4) from /Users/mpiccolo/.rvm/gems/ruby-1.9.3-p392-perf/specifications/multi_json-1.8.4.gemspec
I, [2014-01-17T14:20:01.571391 #30407]  INFO -- : 0:  activesupport (3.2.13) from /Users/mpiccolo/.rvm/gems/ruby-1.9.3-p392-perf@global/specifications/activesupport-3.2.13.gemspec
I, [2014-01-17T14:20:01.571982 #30407]  INFO -- : 0:  builder (3.0.4) from /Users/mpiccolo/.rvm/gems/ruby-1.9.3-p392-perf@global/specifications/builder-3.0.4.gemspec
I, [2014-01-17T14:20:01.572577 #30407]  INFO -- : 0:  activemodel (3.2.13) from /Users/mpiccolo/.rvm/gems/ruby-1.9.3-p392-perf@global/specifications/activemodel-3.2.13.gemspec
I, [2014-01-17T14:20:01.573075 #30407]  INFO -- : 0:  erubis (2.7.0) from /Users/mpiccolo/.rvm/gems/ruby-1.9.3-p392-perf@global/specifications/erubis-2.7.0.gemspec
I, [2014-01-17T14:20:01.573534 #30407]  INFO -- : 0:  journey (1.0.4) from /Users/mpiccolo/.rvm/gems/ruby-1.9.3-p392-perf@global/specifications/journey-1.0.4.gemspec
I, [2014-01-17T14:20:01.573934 #30407]  INFO -- : 0:  rack (1.4.5) from /Users/mpiccolo/.rvm/gems/ruby-1.9.3-p392-perf@global/specifications/rack-1.4.5.gemspec
I, [2014-01-17T14:20:01.574314 #30407]  INFO -- : 0:  rack-cache (1.2) from /Users/mpiccolo/.rvm/gems/ruby-1.9.3-p392-perf@global/specifications/rack-cache-1.2.gemspec
I, [2014-01-17T14:20:01.574684 #30407]  INFO -- : 0:  rack-test (0.6.2) from /Users/mpiccolo/.rvm/gems/ruby-1.9.3-p392-perf@global/specifications/rack-test-0.6.2.gemspec
I, [2014-01-17T14:20:01.575061 #30407]  INFO -- : 0:  hike (1.2.3) from /Users/mpiccolo/.rvm/gems/ruby-1.9.3-p392-perf@global/specifications/hike-1.2.3.gemspec
I, [2014-01-17T14:20:01.575441 #30407]  INFO -- : 0:  tilt (1.4.1) from /Users/mpiccolo/.rvm/gems/ruby-1.9.3-p392-perf@global/specifications/tilt-1.4.1.gemspec
I, [2014-01-17T14:20:01.575808 #30407]  INFO -- : 0:  sprockets (2.2.2) from /Users/mpiccolo/.rvm/gems/ruby-1.9.3-p392-perf@global/specifications/sprockets-2.2.2.gemspec
I, [2014-01-17T14:20:01.576178 #30407]  INFO -- : 0:  actionpack (3.2.13) from /Users/mpiccolo/.rvm/gems/ruby-1.9.3-p392-perf@global/specifications/actionpack-3.2.13.gemspec
I, [2014-01-17T14:20:01.576558 #30407]  INFO -- : 0:  mime-types (1.25.1) from /Users/mpiccolo/.rvm/gems/ruby-1.9.3-p392-perf/specifications/mime-types-1.25.1.gemspec
I, [2014-01-17T14:20:01.577013 #30407]  INFO -- : 0:  polyglot (0.3.3) from /Users/mpiccolo/.rvm/gems/ruby-1.9.3-p392-perf@global/specifications/polyglot-0.3.3.gemspec
I, [2014-01-17T14:20:01.577353 #30407]  INFO -- : 0:  treetop (1.4.15) from /Users/mpiccolo/.rvm/gems/ruby-1.9.3-p392-perf/specifications/treetop-1.4.15.gemspec
I, [2014-01-17T14:20:01.577727 #30407]  INFO -- : 0:  mail (2.5.4) from /Users/mpiccolo/.rvm/gems/ruby-1.9.3-p392-perf@global/specifications/mail-2.5.4.gemspec
I, [2014-01-17T14:20:01.578094 #30407]  INFO -- : 0:  actionmailer (3.2.13) from /Users/mpiccolo/.rvm/gems/ruby-1.9.3-p392-perf@global/specifications/actionmailer-3.2.13.gemspec
I, [2014-01-17T14:20:01.578463 #30407]  INFO -- : 0:  arel (3.0.2) from /Users/mpiccolo/.rvm/gems/ruby-1.9.3-p392-perf@global/specifications/arel-3.0.2.gemspec
I, [2014-01-17T14:20:01.578867 #30407]  INFO -- : 0:  tzinfo (0.3.38) from /Users/mpiccolo/.rvm/gems/ruby-1.9.3-p392-perf/specifications/tzinfo-0.3.38.gemspec
I, [2014-01-17T14:20:01.579229 #30407]  INFO -- : 0:  activerecord (3.2.13) from /Users/mpiccolo/.rvm/gems/ruby-1.9.3-p392-perf@global/specifications/activerecord-3.2.13.gemspec
I, [2014-01-17T14:20:01.579593 #30407]  INFO -- : 0:  activeresource (3.2.13) from /Users/mpiccolo/.rvm/gems/ruby-1.9.3-p392-perf@global/specifications/activeresource-3.2.13.gemspec
I, [2014-01-17T14:20:01.579936 #30407]  INFO -- : 0:  bundler (1.5.1) from /Users/mpiccolo/.rvm/gems/ruby-1.9.3-p392-perf/specifications/bundler-1.5.1.gemspec
I, [2014-01-17T14:20:01.580296 #30407]  INFO -- : 0:  json (1.8.1) from /Users/mpiccolo/.rvm/gems/ruby-1.9.3-p392-perf/specifications/json-1.8.1.gemspec
I, [2014-01-17T14:20:01.580650 #30407]  INFO -- : 0:  kramdown (1.3.1) from /Users/mpiccolo/.rvm/gems/ruby-1.9.3-p392-perf/specifications/kramdown-1.3.1.gemspec
I, [2014-01-17T14:20:01.581022 #30407]  INFO -- : 0:  minitest (5.2.1) from /Users/mpiccolo/.rvm/gems/ruby-1.9.3-p392-perf/specifications/minitest-5.2.1.gemspec
I, [2014-01-17T14:20:01.581422 #30407]  INFO -- : 0:  rack-ssl (1.3.3) from /Users/mpiccolo/.rvm/gems/ruby-1.9.3-p392-perf@global/specifications/rack-ssl-1.3.3.gemspec
I, [2014-01-17T14:20:01.581797 #30407]  INFO -- : 0:  rdoc (3.12.2) from /Users/mpiccolo/.rvm/gems/ruby-1.9.3-p392-perf@global/specifications/rdoc-3.12.2.gemspec
I, [2014-01-17T14:20:01.582165 #30407]  INFO -- : 0:  thor (0.18.1) from /Users/mpiccolo/.rvm/gems/ruby-1.9.3-p392-perf@global/specifications/thor-0.18.1.gemspec
I, [2014-01-17T14:20:01.582530 #30407]  INFO -- : 0:  railties (3.2.13) from /Users/mpiccolo/.rvm/gems/ruby-1.9.3-p392-perf@global/specifications/railties-3.2.13.gemspec
I, [2014-01-17T14:20:01.582905 #30407]  INFO -- : 0:  rails (3.2.13) from /Users/mpiccolo/.rvm/gems/ruby-1.9.3-p392-perf@global/specifications/rails-3.2.13.gemspec
I, [2014-01-17T14:20:01.600861 #30407]  INFO -- : 0:  pliable (0.1) from /Users/mpiccolo/code/mfpiccolo/pliable/ply.gemspec
I, [2014-01-17T14:20:01.601404 #30407]  INFO -- : 0:  rubygems-tasks (0.2.4) from /Users/mpiccolo/.rvm/gems/ruby-1.9.3-p392-perf/specifications/rubygems-tasks-0.2.4.gemspec
I, [2014-01-17T14:20:01.601819 #30407]  INFO -- : 0:  yard (0.8.7.3) from /Users/mpiccolo/.rvm/gems/ruby-1.9.3-p392-perf/specifications/yard-0.8.7.3.gemspec
I, [2014-01-17T14:20:23.795573 #30416]  INFO -- : 0:  rake (0.9.6) from /Users/mpiccolo/.rvm/gems/ruby-1.9.3-p392-perf/specifications/rake-0.9.6.gemspec
I, [2014-01-17T14:20:23.796157 #30416]  INFO -- : 0:  i18n (0.6.9) from /Users/mpiccolo/.rvm/gems/ruby-1.9.3-p392-perf/specifications/i18n-0.6.9.gemspec
I, [2014-01-17T14:20:23.796637 #30416]  INFO -- : 0:  multi_json (1.8.4) from /Users/mpiccolo/.rvm/gems/ruby-1.9.3-p392-perf/specifications/multi_json-1.8.4.gemspec
I, [2014-01-17T14:20:25.170168 #30416]  INFO -- : 0:  activesupport (3.2.16) from /Users/mpiccolo/.rvm/gems/ruby-1.9.3-p392-perf/specifications/activesupport-3.2.16.gemspec
I, [2014-01-17T14:20:25.170853 #30416]  INFO -- : 0:  builder (3.0.4) from /Users/mpiccolo/.rvm/gems/ruby-1.9.3-p392-perf@global/specifications/builder-3.0.4.gemspec
I, [2014-01-17T14:20:26.178111 #30416]  INFO -- : 0:  activemodel (3.2.16) from /Users/mpiccolo/.rvm/gems/ruby-1.9.3-p392-perf/specifications/activemodel-3.2.16.gemspec
I, [2014-01-17T14:20:26.178570 #30416]  INFO -- : 0:  erubis (2.7.0) from /Users/mpiccolo/.rvm/gems/ruby-1.9.3-p392-perf@global/specifications/erubis-2.7.0.gemspec
I, [2014-01-17T14:20:26.178897 #30416]  INFO -- : 0:  journey (1.0.4) from /Users/mpiccolo/.rvm/gems/ruby-1.9.3-p392-perf@global/specifications/journey-1.0.4.gemspec
I, [2014-01-17T14:20:26.179210 #30416]  INFO -- : 0:  rack (1.4.5) from /Users/mpiccolo/.rvm/gems/ruby-1.9.3-p392-perf@global/specifications/rack-1.4.5.gemspec
I, [2014-01-17T14:20:26.179514 #30416]  INFO -- : 0:  rack-cache (1.2) from /Users/mpiccolo/.rvm/gems/ruby-1.9.3-p392-perf@global/specifications/rack-cache-1.2.gemspec
I, [2014-01-17T14:20:26.179816 #30416]  INFO -- : 0:  rack-test (0.6.2) from /Users/mpiccolo/.rvm/gems/ruby-1.9.3-p392-perf@global/specifications/rack-test-0.6.2.gemspec
I, [2014-01-17T14:20:26.180121 #30416]  INFO -- : 0:  hike (1.2.3) from /Users/mpiccolo/.rvm/gems/ruby-1.9.3-p392-perf@global/specifications/hike-1.2.3.gemspec
I, [2014-01-17T14:20:26.180421 #30416]  INFO -- : 0:  tilt (1.4.1) from /Users/mpiccolo/.rvm/gems/ruby-1.9.3-p392-perf@global/specifications/tilt-1.4.1.gemspec
I, [2014-01-17T14:20:26.180724 #30416]  INFO -- : 0:  sprockets (2.2.2) from /Users/mpiccolo/.rvm/gems/ruby-1.9.3-p392-perf@global/specifications/sprockets-2.2.2.gemspec
I, [2014-01-17T14:20:27.081227 #30416]  INFO -- : 0:  actionpack (3.2.16) from /Users/mpiccolo/.rvm/gems/ruby-1.9.3-p392-perf/specifications/actionpack-3.2.16.gemspec
I, [2014-01-17T14:20:27.081724 #30416]  INFO -- : 0:  mime-types (1.25.1) from /Users/mpiccolo/.rvm/gems/ruby-1.9.3-p392-perf/specifications/mime-types-1.25.1.gemspec
I, [2014-01-17T14:20:27.082083 #30416]  INFO -- : 0:  polyglot (0.3.3) from /Users/mpiccolo/.rvm/gems/ruby-1.9.3-p392-perf@global/specifications/polyglot-0.3.3.gemspec
I, [2014-01-17T14:20:27.082418 #30416]  INFO -- : 0:  treetop (1.4.15) from /Users/mpiccolo/.rvm/gems/ruby-1.9.3-p392-perf/specifications/treetop-1.4.15.gemspec
I, [2014-01-17T14:20:27.082749 #30416]  INFO -- : 0:  mail (2.5.4) from /Users/mpiccolo/.rvm/gems/ruby-1.9.3-p392-perf@global/specifications/mail-2.5.4.gemspec
I, [2014-01-17T14:20:27.717292 #30416]  INFO -- : 0:  actionmailer (3.2.16) from /Users/mpiccolo/.rvm/gems/ruby-1.9.3-p392-perf/specifications/actionmailer-3.2.16.gemspec
I, [2014-01-17T14:20:28.419272 #30416]  INFO -- : 0:  arel (3.0.3) from /Users/mpiccolo/.rvm/gems/ruby-1.9.3-p392-perf/specifications/arel-3.0.3.gemspec
I, [2014-01-17T14:20:28.419729 #30416]  INFO -- : 0:  tzinfo (0.3.38) from /Users/mpiccolo/.rvm/gems/ruby-1.9.3-p392-perf/specifications/tzinfo-0.3.38.gemspec
I, [2014-01-17T14:20:29.971447 #30416]  INFO -- : 0:  activerecord (3.2.16) from /Users/mpiccolo/.rvm/gems/ruby-1.9.3-p392-perf/specifications/activerecord-3.2.16.gemspec
I, [2014-01-17T14:20:30.619079 #30416]  INFO -- : 0:  activeresource (3.2.16) from /Users/mpiccolo/.rvm/gems/ruby-1.9.3-p392-perf/specifications/activeresource-3.2.16.gemspec
I, [2014-01-17T14:20:30.619630 #30416]  INFO -- : 0:  bundler (1.5.1) from /Users/mpiccolo/.rvm/gems/ruby-1.9.3-p392-perf/specifications/bundler-1.5.1.gemspec
I, [2014-01-17T14:20:30.620061 #30416]  INFO -- : 0:  json (1.8.1) from /Users/mpiccolo/.rvm/gems/ruby-1.9.3-p392-perf/specifications/json-1.8.1.gemspec
I, [2014-01-17T14:20:30.620548 #30416]  INFO -- : 0:  kramdown (1.3.1) from /Users/mpiccolo/.rvm/gems/ruby-1.9.3-p392-perf/specifications/kramdown-1.3.1.gemspec
I, [2014-01-17T14:20:30.620929 #30416]  INFO -- : 0:  minitest (5.2.1) from /Users/mpiccolo/.rvm/gems/ruby-1.9.3-p392-perf/specifications/minitest-5.2.1.gemspec
I, [2014-01-17T14:20:30.621300 #30416]  INFO -- : 0:  rack-ssl (1.3.3) from /Users/mpiccolo/.rvm/gems/ruby-1.9.3-p392-perf@global/specifications/rack-ssl-1.3.3.gemspec
I, [2014-01-17T14:20:30.621671 #30416]  INFO -- : 0:  rdoc (3.12.2) from /Users/mpiccolo/.rvm/gems/ruby-1.9.3-p392-perf@global/specifications/rdoc-3.12.2.gemspec
I, [2014-01-17T14:20:30.622059 #30416]  INFO -- : 0:  thor (0.18.1) from /Users/mpiccolo/.rvm/gems/ruby-1.9.3-p392-perf@global/specifications/thor-0.18.1.gemspec
I, [2014-01-17T14:20:32.372634 #30416]  INFO -- : 0:  railties (3.2.16) from /Users/mpiccolo/.rvm/gems/ruby-1.9.3-p392-perf/specifications/railties-3.2.16.gemspec
I, [2014-01-17T14:20:33.003218 #30416]  INFO -- : 0:  rails (3.2.16) from /Users/mpiccolo/.rvm/gems/ruby-1.9.3-p392-perf/specifications/rails-3.2.16.gemspec
I, [2014-01-17T14:20:33.005655 #30416]  INFO -- : 0:  pliable (0.1) from /Users/mpiccolo/code/mfpiccolo/pliable/ply.gemspec
I, [2014-01-17T14:20:33.018699 #30416]  INFO -- : 0:  rubygems-tasks (0.2.4) from /Users/mpiccolo/.rvm/gems/ruby-1.9.3-p392-perf/specifications/rubygems-tasks-0.2.4.gemspec
I, [2014-01-17T14:20:33.019140 #30416]  INFO -- : 0:  yard (0.8.7.3) from /Users/mpiccolo/.rvm/gems/ruby-1.9.3-p392-perf/specifications/yard-0.8.7.3.gemspec
I, [2014-01-17T14:20:54.004442 #30790]  INFO -- : 0:  rake (0.9.6) from /Users/mpiccolo/.rvm/gems/ruby-2.1.0-preview2/specifications/rake-0.9.6.gemspec
I, [2014-01-17T14:20:54.004833 #30790]  INFO -- : 0:  i18n (0.6.9) from /Users/mpiccolo/.rvm/gems/ruby-2.1.0-preview2/specifications/i18n-0.6.9.gemspec
I, [2014-01-17T14:20:54.005195 #30790]  INFO -- : 0:  multi_json (1.8.4) from /Users/mpiccolo/.rvm/gems/ruby-2.1.0-preview2/specifications/multi_json-1.8.4.gemspec
I, [2014-01-17T14:20:54.513948 #30790]  INFO -- : 0:  activesupport (3.2.16) from /Users/mpiccolo/.rvm/gems/ruby-2.1.0-preview2/specifications/activesupport-3.2.16.gemspec
I, [2014-01-17T14:20:54.741887 #30790]  INFO -- : 0:  builder (3.0.4) from /Users/mpiccolo/.rvm/gems/ruby-2.1.0-preview2/specifications/builder-3.0.4.gemspec
I, [2014-01-17T14:20:55.307609 #30790]  INFO -- : 0:  activemodel (3.2.16) from /Users/mpiccolo/.rvm/gems/ruby-2.1.0-preview2/specifications/activemodel-3.2.16.gemspec
I, [2014-01-17T14:20:55.308061 #30790]  INFO -- : 0:  erubis (2.7.0) from /Users/mpiccolo/.rvm/gems/ruby-2.1.0-preview2/specifications/erubis-2.7.0.gemspec
I, [2014-01-17T14:20:55.653182 #30790]  INFO -- : 0:  journey (1.0.4) from /Users/mpiccolo/.rvm/gems/ruby-2.1.0-preview2/specifications/journey-1.0.4.gemspec
I, [2014-01-17T14:20:56.071768 #30790]  INFO -- : 0:  rack (1.4.5) from /Users/mpiccolo/.rvm/gems/ruby-2.1.0-preview2/specifications/rack-1.4.5.gemspec
I, [2014-01-17T14:20:57.055916 #30790]  INFO -- : 0:  rack-cache (1.2) from /Users/mpiccolo/.rvm/gems/ruby-2.1.0-preview2/specifications/rack-cache-1.2.gemspec
I, [2014-01-17T14:20:57.056386 #30790]  INFO -- : 0:  rack-test (0.6.2) from /Users/mpiccolo/.rvm/gems/ruby-2.1.0-preview2/specifications/rack-test-0.6.2.gemspec
I, [2014-01-17T14:20:57.056714 #30790]  INFO -- : 0:  hike (1.2.3) from /Users/mpiccolo/.rvm/gems/ruby-2.1.0-preview2/specifications/hike-1.2.3.gemspec
I, [2014-01-17T14:20:57.057041 #30790]  INFO -- : 0:  tilt (1.4.1) from /Users/mpiccolo/.rvm/gems/ruby-2.1.0-preview2/specifications/tilt-1.4.1.gemspec
I, [2014-01-17T14:20:57.337172 #30790]  INFO -- : 0:  sprockets (2.2.2) from /Users/mpiccolo/.rvm/gems/ruby-2.1.0-preview2/specifications/sprockets-2.2.2.gemspec
I, [2014-01-17T14:20:57.898008 #30790]  INFO -- : 0:  actionpack (3.2.16) from /Users/mpiccolo/.rvm/gems/ruby-2.1.0-preview2/specifications/actionpack-3.2.16.gemspec
I, [2014-01-17T14:20:57.898447 #30790]  INFO -- : 0:  mime-types (1.25.1) from /Users/mpiccolo/.rvm/gems/ruby-2.1.0-preview2/specifications/mime-types-1.25.1.gemspec
I, [2014-01-17T14:20:57.898777 #30790]  INFO -- : 0:  polyglot (0.3.3) from /Users/mpiccolo/.rvm/gems/ruby-2.1.0-preview2/specifications/polyglot-0.3.3.gemspec
I, [2014-01-17T14:20:57.899070 #30790]  INFO -- : 0:  treetop (1.4.15) from /Users/mpiccolo/.rvm/gems/ruby-2.1.0-preview2/specifications/treetop-1.4.15.gemspec
I, [2014-01-17T14:20:57.899363 #30790]  INFO -- : 0:  mail (2.5.4) from /Users/mpiccolo/.rvm/gems/ruby-2.1.0-preview2/specifications/mail-2.5.4.gemspec
I, [2014-01-17T14:20:58.220270 #30790]  INFO -- : 0:  actionmailer (3.2.16) from /Users/mpiccolo/.rvm/gems/ruby-2.1.0-preview2/specifications/actionmailer-3.2.16.gemspec
I, [2014-01-17T14:20:58.680486 #30790]  INFO -- : 0:  arel (3.0.3) from /Users/mpiccolo/.rvm/gems/ruby-2.1.0-preview2/specifications/arel-3.0.3.gemspec
I, [2014-01-17T14:20:58.680833 #30790]  INFO -- : 0:  tzinfo (0.3.38) from /Users/mpiccolo/.rvm/gems/ruby-2.1.0-preview2/specifications/tzinfo-0.3.38.gemspec
I, [2014-01-17T14:20:59.847122 #30790]  INFO -- : 0:  activerecord (3.2.16) from /Users/mpiccolo/.rvm/gems/ruby-2.1.0-preview2/specifications/activerecord-3.2.16.gemspec
I, [2014-01-17T14:21:00.149294 #30790]  INFO -- : 0:  activeresource (3.2.16) from /Users/mpiccolo/.rvm/gems/ruby-2.1.0-preview2/specifications/activeresource-3.2.16.gemspec
I, [2014-01-17T14:21:00.149686 #30790]  INFO -- : 0:  bundler (1.5.1) from /Users/mpiccolo/.rvm/gems/ruby-2.1.0-preview2@global/specifications/bundler-1.5.1.gemspec
I, [2014-01-17T14:21:00.149989 #30790]  INFO -- : 0:  json (1.8.1) from /Users/mpiccolo/.rvm/rubies/ruby-2.1.0-preview2/lib/ruby/gems/2.1.0/specifications/default/json-1.8.1.gemspec
I, [2014-01-17T14:21:00.878211 #30790]  INFO -- : 0:  kramdown (1.3.1) from /Users/mpiccolo/.rvm/gems/ruby-2.1.0-preview2/specifications/kramdown-1.3.1.gemspec
I, [2014-01-17T14:21:01.529219 #30790]  INFO -- : 0:  minitest (5.2.1) from /Users/mpiccolo/.rvm/gems/ruby-2.1.0-preview2/specifications/minitest-5.2.1.gemspec
I, [2014-01-17T14:21:01.734842 #30790]  INFO -- : 0:  rack-ssl (1.3.3) from /Users/mpiccolo/.rvm/gems/ruby-2.1.0-preview2/specifications/rack-ssl-1.3.3.gemspec
I, [2014-01-17T14:21:01.735261 #30790]  INFO -- : 0:  rdoc (3.12.2) from /Users/mpiccolo/.rvm/gems/ruby-2.1.0-preview2/specifications/rdoc-3.12.2.gemspec
I, [2014-01-17T14:21:01.735697 #30790]  INFO -- : 0:  thor (0.18.1) from /Users/mpiccolo/.rvm/gems/ruby-2.1.0-preview2/specifications/thor-0.18.1.gemspec
I, [2014-01-17T14:21:02.951906 #30790]  INFO -- : 0:  railties (3.2.16) from /Users/mpiccolo/.rvm/gems/ruby-2.1.0-preview2/specifications/railties-3.2.16.gemspec
I, [2014-01-17T14:21:03.156502 #30790]  INFO -- : 0:  rails (3.2.16) from /Users/mpiccolo/.rvm/gems/ruby-2.1.0-preview2/specifications/rails-3.2.16.gemspec
I, [2014-01-17T14:21:03.159268 #30790]  INFO -- : 0:  pliable (0.1) from /Users/mpiccolo/code/mfpiccolo/pliable/ply.gemspec
I, [2014-01-17T14:21:03.859096 #30790]  INFO -- : 0:  rubygems-tasks (0.2.4) from /Users/mpiccolo/.rvm/gems/ruby-2.1.0-preview2/specifications/rubygems-tasks-0.2.4.gemspec
I, [2014-01-17T14:21:04.635232 #30790]  INFO -- : 0:  yard (0.8.7.3) from /Users/mpiccolo/.rvm/gems/ruby-2.1.0-preview2/specifications/yard-0.8.7.3.gemspec
I, [2014-01-17T14:22:16.321039 #30817]  INFO -- : 0:  rake (0.9.6) from /Users/mpiccolo/.rvm/gems/ruby-2.1.0-preview2/specifications/rake-0.9.6.gemspec
I, [2014-01-17T14:22:16.321426 #30817]  INFO -- : 0:  i18n (0.6.9) from /Users/mpiccolo/.rvm/gems/ruby-2.1.0-preview2/specifications/i18n-0.6.9.gemspec
I, [2014-01-17T14:22:16.321757 #30817]  INFO -- : 0:  minitest (4.7.5) from /Users/mpiccolo/.rvm/rubies/ruby-2.1.0-preview2/lib/ruby/gems/2.1.0/specifications/default/minitest-4.7.5.gemspec
I, [2014-01-17T14:22:16.322082 #30817]  INFO -- : 0:  multi_json (1.8.4) from /Users/mpiccolo/.rvm/gems/ruby-2.1.0-preview2/specifications/multi_json-1.8.4.gemspec
I, [2014-01-17T14:22:16.322367 #30817]  INFO -- : 0:  atomic (1.1.14) from /Users/mpiccolo/.rvm/gems/ruby-2.1.0-preview2/specifications/atomic-1.1.14.gemspec
I, [2014-01-17T14:22:16.322669 #30817]  INFO -- : 0:  thread_safe (0.1.3) from /Users/mpiccolo/.rvm/gems/ruby-2.1.0-preview2/specifications/thread_safe-0.1.3.gemspec
I, [2014-01-17T14:22:16.322955 #30817]  INFO -- : 0:  tzinfo (0.3.38) from /Users/mpiccolo/.rvm/gems/ruby-2.1.0-preview2/specifications/tzinfo-0.3.38.gemspec
I, [2014-01-17T14:22:16.323252 #30817]  INFO -- : 0:  activesupport (4.0.2) from /Users/mpiccolo/.rvm/gems/ruby-2.1.0-preview2/specifications/activesupport-4.0.2.gemspec
I, [2014-01-17T14:22:16.323559 #30817]  INFO -- : 0:  builder (3.1.4) from /Users/mpiccolo/.rvm/gems/ruby-2.1.0-preview2/specifications/builder-3.1.4.gemspec
I, [2014-01-17T14:22:16.323845 #30817]  INFO -- : 0:  erubis (2.7.0) from /Users/mpiccolo/.rvm/gems/ruby-2.1.0-preview2/specifications/erubis-2.7.0.gemspec
I, [2014-01-17T14:22:16.324129 #30817]  INFO -- : 0:  rack (1.5.2) from /Users/mpiccolo/.rvm/gems/ruby-2.1.0-preview2/specifications/rack-1.5.2.gemspec
I, [2014-01-17T14:22:16.324416 #30817]  INFO -- : 0:  rack-test (0.6.2) from /Users/mpiccolo/.rvm/gems/ruby-2.1.0-preview2/specifications/rack-test-0.6.2.gemspec
I, [2014-01-17T14:22:16.324702 #30817]  INFO -- : 0:  actionpack (4.0.2) from /Users/mpiccolo/.rvm/gems/ruby-2.1.0-preview2/specifications/actionpack-4.0.2.gemspec
I, [2014-01-17T14:22:16.324988 #30817]  INFO -- : 0:  mime-types (1.25.1) from /Users/mpiccolo/.rvm/gems/ruby-2.1.0-preview2/specifications/mime-types-1.25.1.gemspec
I, [2014-01-17T14:22:16.325268 #30817]  INFO -- : 0:  polyglot (0.3.3) from /Users/mpiccolo/.rvm/gems/ruby-2.1.0-preview2/specifications/polyglot-0.3.3.gemspec
I, [2014-01-17T14:22:16.325554 #30817]  INFO -- : 0:  treetop (1.4.15) from /Users/mpiccolo/.rvm/gems/ruby-2.1.0-preview2/specifications/treetop-1.4.15.gemspec
I, [2014-01-17T14:22:16.325838 #30817]  INFO -- : 0:  mail (2.5.4) from /Users/mpiccolo/.rvm/gems/ruby-2.1.0-preview2/specifications/mail-2.5.4.gemspec
I, [2014-01-17T14:22:16.326126 #30817]  INFO -- : 0:  actionmailer (4.0.2) from /Users/mpiccolo/.rvm/gems/ruby-2.1.0-preview2/specifications/actionmailer-4.0.2.gemspec
I, [2014-01-17T14:22:16.326411 #30817]  INFO -- : 0:  activemodel (4.0.2) from /Users/mpiccolo/.rvm/gems/ruby-2.1.0-preview2/specifications/activemodel-4.0.2.gemspec
I, [2014-01-17T14:22:16.326697 #30817]  INFO -- : 0:  activerecord-deprecated_finders (1.0.3) from /Users/mpiccolo/.rvm/gems/ruby-2.1.0-preview2/specifications/activerecord-deprecated_finders-1.0.3.gemspec
I, [2014-01-17T14:22:16.326979 #30817]  INFO -- : 0:  arel (4.0.1) from /Users/mpiccolo/.rvm/gems/ruby-2.1.0-preview2/specifications/arel-4.0.1.gemspec
I, [2014-01-17T14:22:16.327258 #30817]  INFO -- : 0:  activerecord (4.0.2) from /Users/mpiccolo/.rvm/gems/ruby-2.1.0-preview2/specifications/activerecord-4.0.2.gemspec
I, [2014-01-17T14:22:16.327531 #30817]  INFO -- : 0:  bundler (1.5.1) from /Users/mpiccolo/.rvm/gems/ruby-2.1.0-preview2@global/specifications/bundler-1.5.1.gemspec
I, [2014-01-17T14:22:16.327809 #30817]  INFO -- : 0:  hike (1.2.3) from /Users/mpiccolo/.rvm/gems/ruby-2.1.0-preview2/specifications/hike-1.2.3.gemspec
I, [2014-01-17T14:22:16.328090 #30817]  INFO -- : 0:  kramdown (1.3.1) from /Users/mpiccolo/.rvm/gems/ruby-2.1.0-preview2/specifications/kramdown-1.3.1.gemspec
I, [2014-01-17T14:22:16.328374 #30817]  INFO -- : 0:  thor (0.18.1) from /Users/mpiccolo/.rvm/gems/ruby-2.1.0-preview2/specifications/thor-0.18.1.gemspec
I, [2014-01-17T14:22:16.328663 #30817]  INFO -- : 0:  railties (4.0.2) from /Users/mpiccolo/.rvm/gems/ruby-2.1.0-preview2/specifications/railties-4.0.2.gemspec
I, [2014-01-17T14:22:16.328940 #30817]  INFO -- : 0:  tilt (1.4.1) from /Users/mpiccolo/.rvm/gems/ruby-2.1.0-preview2/specifications/tilt-1.4.1.gemspec
I, [2014-01-17T14:22:16.329219 #30817]  INFO -- : 0:  sprockets (2.10.1) from /Users/mpiccolo/.rvm/gems/ruby-2.1.0-preview2/specifications/sprockets-2.10.1.gemspec
I, [2014-01-17T14:22:16.329501 #30817]  INFO -- : 0:  sprockets-rails (2.0.1) from /Users/mpiccolo/.rvm/gems/ruby-2.1.0-preview2/specifications/sprockets-rails-2.0.1.gemspec
I, [2014-01-17T14:22:16.329788 #30817]  INFO -- : 0:  rails (4.0.2) from /Users/mpiccolo/.rvm/gems/ruby-2.1.0-preview2/specifications/rails-4.0.2.gemspec
I, [2014-01-17T14:22:16.331849 #30817]  INFO -- : 0:  pliable (0.1) from /Users/mpiccolo/code/mfpiccolo/pliable/ply.gemspec
I, [2014-01-17T14:22:16.332120 #30817]  INFO -- : 0:  rubygems-tasks (0.2.4) from /Users/mpiccolo/.rvm/gems/ruby-2.1.0-preview2/specifications/rubygems-tasks-0.2.4.gemspec
I, [2014-01-17T14:22:16.332373 #30817]  INFO -- : 0:  yard (0.8.7.3) from /Users/mpiccolo/.rvm/gems/ruby-2.1.0-preview2/specifications/yard-0.8.7.3.gemspec
I, [2014-01-17T14:25:22.460060 #31182]  INFO -- : 0:  rake (0.9.6) from /Users/mpiccolo/.rvm/gems/ruby-2.1.0-preview2/specifications/rake-0.9.6.gemspec
I, [2014-01-17T14:25:22.460464 #31182]  INFO -- : 0:  i18n (0.6.9) from /Users/mpiccolo/.rvm/gems/ruby-2.1.0-preview2/specifications/i18n-0.6.9.gemspec
I, [2014-01-17T14:25:22.460820 #31182]  INFO -- : 0:  minitest (4.7.5) from /Users/mpiccolo/.rvm/rubies/ruby-2.1.0-preview2/lib/ruby/gems/2.1.0/specifications/default/minitest-4.7.5.gemspec
I, [2014-01-17T14:25:22.461233 #31182]  INFO -- : 0:  multi_json (1.8.4) from /Users/mpiccolo/.rvm/gems/ruby-2.1.0-preview2/specifications/multi_json-1.8.4.gemspec
I, [2014-01-17T14:25:22.461548 #31182]  INFO -- : 0:  atomic (1.1.14) from /Users/mpiccolo/.rvm/gems/ruby-2.1.0-preview2/specifications/atomic-1.1.14.gemspec
I, [2014-01-17T14:25:22.461838 #31182]  INFO -- : 0:  thread_safe (0.1.3) from /Users/mpiccolo/.rvm/gems/ruby-2.1.0-preview2/specifications/thread_safe-0.1.3.gemspec
I, [2014-01-17T14:25:22.462136 #31182]  INFO -- : 0:  tzinfo (0.3.38) from /Users/mpiccolo/.rvm/gems/ruby-2.1.0-preview2/specifications/tzinfo-0.3.38.gemspec
I, [2014-01-17T14:25:22.462431 #31182]  INFO -- : 0:  activesupport (4.0.2) from /Users/mpiccolo/.rvm/gems/ruby-2.1.0-preview2/specifications/activesupport-4.0.2.gemspec
I, [2014-01-17T14:25:22.462740 #31182]  INFO -- : 0:  builder (3.1.4) from /Users/mpiccolo/.rvm/gems/ruby-2.1.0-preview2/specifications/builder-3.1.4.gemspec
I, [2014-01-17T14:25:22.463045 #31182]  INFO -- : 0:  erubis (2.7.0) from /Users/mpiccolo/.rvm/gems/ruby-2.1.0-preview2/specifications/erubis-2.7.0.gemspec
I, [2014-01-17T14:25:22.463341 #31182]  INFO -- : 0:  rack (1.5.2) from /Users/mpiccolo/.rvm/gems/ruby-2.1.0-preview2/specifications/rack-1.5.2.gemspec
I, [2014-01-17T14:25:22.463635 #31182]  INFO -- : 0:  rack-test (0.6.2) from /Users/mpiccolo/.rvm/gems/ruby-2.1.0-preview2/specifications/rack-test-0.6.2.gemspec
I, [2014-01-17T14:25:22.463948 #31182]  INFO -- : 0:  actionpack (4.0.2) from /Users/mpiccolo/.rvm/gems/ruby-2.1.0-preview2/specifications/actionpack-4.0.2.gemspec
I, [2014-01-17T14:25:22.464241 #31182]  INFO -- : 0:  mime-types (1.25.1) from /Users/mpiccolo/.rvm/gems/ruby-2.1.0-preview2/specifications/mime-types-1.25.1.gemspec
I, [2014-01-17T14:25:22.464527 #31182]  INFO -- : 0:  polyglot (0.3.3) from /Users/mpiccolo/.rvm/gems/ruby-2.1.0-preview2/specifications/polyglot-0.3.3.gemspec
I, [2014-01-17T14:25:22.464830 #31182]  INFO -- : 0:  treetop (1.4.15) from /Users/mpiccolo/.rvm/gems/ruby-2.1.0-preview2/specifications/treetop-1.4.15.gemspec
I, [2014-01-17T14:25:22.465111 #31182]  INFO -- : 0:  mail (2.5.4) from /Users/mpiccolo/.rvm/gems/ruby-2.1.0-preview2/specifications/mail-2.5.4.gemspec
I, [2014-01-17T14:25:22.465397 #31182]  INFO -- : 0:  actionmailer (4.0.2) from /Users/mpiccolo/.rvm/gems/ruby-2.1.0-preview2/specifications/actionmailer-4.0.2.gemspec
I, [2014-01-17T14:25:22.465698 #31182]  INFO -- : 0:  activemodel (4.0.2) from /Users/mpiccolo/.rvm/gems/ruby-2.1.0-preview2/specifications/activemodel-4.0.2.gemspec
I, [2014-01-17T14:25:22.466003 #31182]  INFO -- : 0:  activerecord-deprecated_finders (1.0.3) from /Users/mpiccolo/.rvm/gems/ruby-2.1.0-preview2/specifications/activerecord-deprecated_finders-1.0.3.gemspec
I, [2014-01-17T14:25:22.466288 #31182]  INFO -- : 0:  arel (4.0.1) from /Users/mpiccolo/.rvm/gems/ruby-2.1.0-preview2/specifications/arel-4.0.1.gemspec
I, [2014-01-17T14:25:22.466586 #31182]  INFO -- : 0:  activerecord (4.0.2) from /Users/mpiccolo/.rvm/gems/ruby-2.1.0-preview2/specifications/activerecord-4.0.2.gemspec
I, [2014-01-17T14:25:22.466891 #31182]  INFO -- : 0:  bundler (1.5.1) from /Users/mpiccolo/.rvm/gems/ruby-2.1.0-preview2@global/specifications/bundler-1.5.1.gemspec
I, [2014-01-17T14:25:22.467173 #31182]  INFO -- : 0:  hike (1.2.3) from /Users/mpiccolo/.rvm/gems/ruby-2.1.0-preview2/specifications/hike-1.2.3.gemspec
I, [2014-01-17T14:25:22.467493 #31182]  INFO -- : 0:  kramdown (1.3.1) from /Users/mpiccolo/.rvm/gems/ruby-2.1.0-preview2/specifications/kramdown-1.3.1.gemspec
I, [2014-01-17T14:25:22.467772 #31182]  INFO -- : 0:  thor (0.18.1) from /Users/mpiccolo/.rvm/gems/ruby-2.1.0-preview2/specifications/thor-0.18.1.gemspec
I, [2014-01-17T14:25:22.468062 #31182]  INFO -- : 0:  railties (4.0.2) from /Users/mpiccolo/.rvm/gems/ruby-2.1.0-preview2/specifications/railties-4.0.2.gemspec
I, [2014-01-17T14:25:22.468368 #31182]  INFO -- : 0:  tilt (1.4.1) from /Users/mpiccolo/.rvm/gems/ruby-2.1.0-preview2/specifications/tilt-1.4.1.gemspec
I, [2014-01-17T14:25:22.468665 #31182]  INFO -- : 0:  sprockets (2.10.1) from /Users/mpiccolo/.rvm/gems/ruby-2.1.0-preview2/specifications/sprockets-2.10.1.gemspec
I, [2014-01-17T14:25:22.468961 #31182]  INFO -- : 0:  sprockets-rails (2.0.1) from /Users/mpiccolo/.rvm/gems/ruby-2.1.0-preview2/specifications/sprockets-rails-2.0.1.gemspec
I, [2014-01-17T14:25:22.469401 #31182]  INFO -- : 0:  rails (4.0.2) from /Users/mpiccolo/.rvm/gems/ruby-2.1.0-preview2/specifications/rails-4.0.2.gemspec
I, [2014-01-17T14:25:22.496167 #31182]  INFO -- : 0:  pliable (0.1) from /Users/mpiccolo/code/mfpiccolo/pliable/ply.gemspec
I, [2014-01-17T14:25:22.496760 #31182]  INFO -- : 0:  rubygems-tasks (0.2.4) from /Users/mpiccolo/.rvm/gems/ruby-2.1.0-preview2/specifications/rubygems-tasks-0.2.4.gemspec
I, [2014-01-17T14:25:22.497197 #31182]  INFO -- : 0:  yard (0.8.7.3) from /Users/mpiccolo/.rvm/gems/ruby-2.1.0-preview2/specifications/yard-0.8.7.3.gemspec
